Log file open, 03/24/15 23:45:00
LogInit:Display: Running engine for game: Projet_Ascension
LogInit: Version: 4.7.3-2479750+++depot+UE4-Releases+4.7
LogInit: API Version: 2455222
LogInit: Compiled (64-bit): Mar 15 2015 23:20:45
LogInit: Compiled with Visual C++: 18.00.21005.01
LogInit: Build Configuration: Development
LogInit: Branch Name: ++depot+UE4-Releases+4.7
LogInit: Command line:  
LogInit: Base directory: C:/Program Files/Epic Games/4.7/Engine/Binaries/Win64/
LogInit: Rocket: 1
[2015.03.25-03.45.00:472][  0]LogTaskGraph: Started task graph with 3 named threads and 6 total threads.
[2015.03.25-03.45.00:525][  0]LogOnline:Warning: No default platform service specified for OnlineSubsystem
[2015.03.25-03.45.00:539][  0]LogInit: Presizing for 0 objects not considered by GC, pre-allocating 0 bytes.
[2015.03.25-03.45.00:550][  0]LogInit: Object subsystem initialized
[2015.03.25-03.45.00:552][  0]LogConsoleResponse:Warning: Skipping Unknown console variable: 'TranslucentSortAxis = (X=0.000000,Y=-1.000000,Z=0.000000)'
[2015.03.25-03.45.00:552][  0]LogConsoleResponse:Warning:   Found in ini file 'C:/Users/Francois/Desktop/Projet_Ascension/24Mars2015ProjetAscension2/Projet_AscensionV1/Projet_Ascension/Saved/Config/Windows/Engine.ini', in section '[/Script/Engine.RendererSettings]'
[2015.03.25-03.45.00:553][  0]LogConsoleResponse:Warning: Skipping Unknown console variable: 'UIScaleRule = ShortestSide'
[2015.03.25-03.45.00:553][  0]LogConsoleResponse:Warning:   Found in ini file 'C:/Users/Francois/Desktop/Projet_Ascension/24Mars2015ProjetAscension2/Projet_AscensionV1/Projet_Ascension/Saved/Config/Windows/Engine.ini', in section '[/Script/Engine.RendererSettings]'
[2015.03.25-03.45.00:553][  0]LogConsoleResponse:Warning: Skipping Unknown console variable: 'UIScaleCurve = (EditorCurveData=(Keys=),ExternalCurve=None)'
[2015.03.25-03.45.00:553][  0]LogConsoleResponse:Warning:   Found in ini file 'C:/Users/Francois/Desktop/Projet_Ascension/24Mars2015ProjetAscension2/Projet_AscensionV1/Projet_Ascension/Saved/Config/Windows/Engine.ini', in section '[/Script/Engine.RendererSettings]'
[2015.03.25-03.45.00:553][  0]LogInit: Selected Device Profile: [Windows]
[2015.03.25-03.45.00:553][  0]LogInit: Applying CVar settings loaded from the selected device profile: [Windows]
[2015.03.25-03.45.00:560][  0]LogInit: Computer: FRANCOIS-PC
[2015.03.25-03.45.00:560][  0]LogInit: User: Francois
[2015.03.25-03.45.00:560][  0]LogInit: CPU Page size=4096, Cores=4
[2015.03.25-03.45.00:560][  0]LogInit: High frequency timer resolution =3.001650 MHz
[2015.03.25-03.45.00:560][  0]LogMemory: Memory total: Physical=12.0GB (12GB approx) Virtual=8192.0GB
[2015.03.25-03.45.00:560][  0]LogMemory: Platform Memory Stats for Windows
[2015.03.25-03.45.00:560][  0]LogMemory: Process Physical Memory: 47.93 MB used, 47.93 MB peak
[2015.03.25-03.45.00:560][  0]LogMemory: Process Virtual Memory: 27.33 MB used, 27.34 MB peak
[2015.03.25-03.45.00:560][  0]LogMemory: Physical Memory: 4964.84 MB used, 12279.12 MB total
[2015.03.25-03.45.00:560][  0]LogMemory: Virtual Memory: 279.82 MB used, 8388608.00 MB total
[2015.03.25-03.45.00:596][  0]LogD3D11RHI: Found D3D11 adapter 0: NVIDIA GeForce GTX 670 (Feature Level 11_0)
[2015.03.25-03.45.00:596][  0]LogD3D11RHI: Adapter has 1990MB of dedicated video memory, 0MB of dedicated system memory, and 2048MB of shared system memory, 2 output[s]
[2015.03.25-03.45.00:596][  0]LogD3D11RHI: Chosen D3D11 Adapter Id = 0
[2015.03.25-03.45.00:600][  0]LogRHI: Texture pool is 1361 MB (70% of 1945 MB)
[2015.03.25-03.45.00:610][  0]LogD3D11RHI: Async texture creation enabled
[2015.03.25-03.45.00:669][  0]LogTextLocalizationManager: The requested culture ('en_US') has no localization data; parent culture's ('en') localization data will be used.
[2015.03.25-03.45.00:736][  0]LogTextLocalizationManager:Warning: Loading localization resources contain conflicting entries for (Namespace:UICommands, Key:Save_ToolTip):
Resource: (C:/Program Files/Epic Games/4.7/Engine/Content/Localization/Editor/en/Editor.locres) Hash: (-29098895) String: (Saves the current level to disk)
Resource: (C:/Program Files/Epic Games/4.7/Engine/Content/Localization/Engine/en/Engine.locres) Hash: (-1280300587) String: (Save selected data to vlog file)
[2015.03.25-03.45.00:736][  0]LogTextLocalizationManager:Warning: Loading localization resources contain conflicting entries for (Namespace:ContentBrowser, Key:ImportAssetToolTip):
Resource: (C:/Program Files/Epic Games/4.7/Engine/Content/Localization/Editor/en/Editor.locres) Hash: (-630476809) String: (Import to {0}...)
Resource: (C:/Program Files/Epic Games/4.7/Engine/Content/Localization/Editor/en/Editor.locres) Hash: (1271782899) String: (Imports an asset from file to this folder.)
[2015.03.25-03.45.00:827][  0]LogContentStreaming: Texture pool size is 0.000000MB
[2015.03.25-03.45.03:473][  0]LogTargetPlatformManager:Display: Building Assets For Windows
[2015.03.25-03.45.04:049][  0]LogTargetPlatformManager:Display: Building Assets For Windows
[2015.03.25-03.45.04:127][  0]LogDerivedDataCache:Display: Max Cache Size: 512 MB
[2015.03.25-03.45.04:189][  0]LogDerivedDataCache: Loaded boot cache 0.06s 39MB C:/Users/Francois/AppData/Local/UnrealEngine/4.7/DerivedDataCache/Boot.ddc.
[2015.03.25-03.45.04:189][  0]LogDerivedDataCache:Display: Loaded Boot cache: C:/Users/Francois/AppData/Local/UnrealEngine/4.7/DerivedDataCache/Boot.ddc
[2015.03.25-03.45.04:189][  0]LogDerivedDataCache: FDerivedDataBackendGraph:  Pak pak cache file ../../../../../../Users/Francois/Desktop/Projet_Ascension/24Mars2015ProjetAscension2/Projet_AscensionV1/Projet_Ascension/DerivedDataCache/DDC.ddp not found, will not use a pak cache.
[2015.03.25-03.45.04:189][  0]LogDerivedDataCache: Unable to find inner node Pak for hierarchical cache Hierarchy.
[2015.03.25-03.45.04:336][  0]LogDerivedDataCache:Display: Pak cache opened for reading ../../../Engine/DerivedDataCache/Compressed.ddp.
[2015.03.25-03.45.04:347][  0]LogDerivedDataCache: Using Local data cache path C:/Users/Francois/AppData/Local/UnrealEngine/Common/DerivedDataCache: Writable
[2015.03.25-03.45.04:719][  0]LogMeshUtilities: No automatic mesh reduction module available
[2015.03.25-03.45.04:719][  0]LogMeshUtilities: No automatic mesh merging module available
[2015.03.25-03.45.05:142][  0]LogInit: WinSock: version 1.1 (2.2), MaxSocks=32767, MaxUdp=65467
[2015.03.25-03.45.05:230][  0]LogSlate:Warning: Failed to load font data from '../../../Engine/Content/Slate/Fonts/Roboto-Italic.ttf'
[2015.03.25-03.45.06:126][  0]UdpMessaging: Initializing bridge on interface 0.0.0.0:0 to multicast group 230.0.0.1:6666.
[2015.03.25-03.45.06:338][  0]SourceControl: Info Source control is disabled
[2015.03.25-03.45.06:338][  0]SourceControl: Info Source control is disabled
[2015.03.25-03.45.06:338][  0]SourceControl: Info Source control is disabled
[2015.03.25-03.45.06:338][  0]LogSourceControl: RunCommandInternalRaw: 'git version'
[2015.03.25-03.45.06:339][  0]LogSourceControl: RunCommandInternalRaw: ExecProcess ReturnCode=2 OutResults=''
[2015.03.25-03.45.06:349][  0]SourceControl: Info Source control is disabled
[2015.03.25-03.45.06:561][  0]LogObj: 24231 objects as part of root set at end of initial load.
[2015.03.25-03.45.06:561][  0]LogUObjectAllocator: 5136432 out of 0 bytes used by permanent object pool.
[2015.03.25-03.45.06:657][  0]LogEngine: Initializing Engine...
[2015.03.25-03.45.08:838][  0]LogInit: XAudio2 using 'Speakers (SoundMAX Integrated Digital HD Audio)' : 2 channels at 48 kHz using 16 bits per sample (channel mask 0x3)
[2015.03.25-03.45.08:857][  0]LogInit: FAudioDevice initialized.
[2015.03.25-03.45.08:900][  0]LogAIModule: Creating AISystem for world NewWorld
[2015.03.25-03.45.08:923][  0]LogDerivedDataCache: Saved boot cache 0.02s 39MB C:/Users/Francois/AppData/Local/UnrealEngine/4.7/DerivedDataCache/Boot.ddc.
[2015.03.25-03.45.08:929][  0]LogInit: Texture streaming: Enabled
[2015.03.25-03.45.09:034][  0]LogAnalytics: Creating configured Analytics provider AnalyticsET
[2015.03.25-03.45.09:034][  0]LogAnalytics: ET APIKey = Rocket.Release. APIServer = http://et2.epicgames.com/ET2/. AppVersion = 4.7.3-2479750+++depot+UE4-Releases+4.7
[2015.03.25-03.45.09:034][  0]LogAnalytics: ET APIKey = Rocket.Release. DataRouterUploadURL = https://datarouter-public-service-gamedev.ol.epicgames.net/datarouter/api/v1/public/data. AppVersion = 4.7.3-2479750+++depot+UE4-Releases+4.7
[2015.03.25-03.45.09:034][  0]LogAnalytics: SetUserId 07e017fb41a5cd2ffeb98cb1f2ced4ec|be9063669c854a3c8af4af24edce75df|e42add38-abc9-4b56-9fd0-573fb4cbfff5
[2015.03.25-03.45.09:034][  0]LogAnalytics: AnalyticsET::StartSession [Rocket.Release]
[2015.03.25-03.45.09:114][  0]LogInit: Transaction tracking system initialized
[2015.03.25-03.45.09:357][  0]BlueprintLog: New page: Editor Load
[2015.03.25-03.45.09:394][  0]LogAssetRegistry: FAssetRegistry took 0.0100 seconds to start up
[2015.03.25-03.45.09:394][  0]LogDirectoryWatcher:Warning: Failed to begin reading directory changes for ../../../Engine/Plugins/Experimental/CharacterAI/Content/. Error: 0
[2015.03.25-03.45.10:029][  0]LogTargetPlatformManager:Display: Building Assets For Windows
[2015.03.25-03.45.10:420][  0]LogTargetPlatformManager:Display: Building Assets For Windows
[2015.03.25-03.45.10:717][  0]LogSlate:Warning: Failed to load font data from '../../../Engine/Content/Editor/Slate/Fonts/Roboto-Regular.ttf'
[2015.03.25-03.45.10:717][  0]LogSlate:Warning: Failed to load font data from '../../../Engine/Content/Editor/Slate/Fonts/Roboto-Bold.ttf'
[2015.03.25-03.45.10:723][  0]LogConsoleResponse:Display: 
[2015.03.25-03.45.10:875][  0]LogCook:Display: Done creating registry. It took  0.00s.
[2015.03.25-03.45.11:049][  0]SourceControl: Info Source control is disabled
[2015.03.25-03.45.11:050][  0]LightingResults: New page: Lighting Build
[2015.03.25-03.45.11:064][  0]MapCheck: New page: Map Check
[2015.03.25-03.45.11:064][  0]LightingResults: New page: Lighting Build
[2015.03.25-03.45.11:074][  0]LogParticles: Destroying 0 GPU particle simulations for FXSystem 0x000000001398CE00
[2015.03.25-03.45.12:340][  0]LogEditorServer: Finished looking for orphan Actors (0.000 secs)
[2015.03.25-03.45.13:367][  0]LogAIModule: Creating AISystem for world SideScrollerExampleMap
[2015.03.25-03.45.13:368][  0]Cmd: MAP CHECKDEP
[2015.03.25-03.45.13:368][  0]MapCheck: New page: SideScrollerExampleMap - Mar 24, 2015, 7:45:13 PM
[2015.03.25-03.45.13:457][  0]MapCheck: Info Map check complete: 0 Error(s), 0 Warning(s), took 88.372ms to complete.
[2015.03.25-03.45.13:457][  0]LogFileHelpers: Loading map 'SideScrollerExampleMap' took 2.412
[2015.03.25-03.45.13:614][  0]LogCollectionManager: Loaded 0 collections in 0.001980 seconds
[2015.03.25-03.45.13:630][  0]LogContentBrowser: Native class hierarchy populated in 0.0151 seconds. Added 1696 classes and 261 folders.
[2015.03.25-03.45.13:669][  0]LogContentBrowser: Native class hierarchy updated for 'SceneOutliner' in 0.0022 seconds. Added 1 classes and 2 folders.
[2015.03.25-03.45.13:726][  0]LogCrashTracker: Crashtracker disabled due to settings.
[2015.03.25-03.45.13:727][  0]LogSlate:Warning: Failed to load font data from 'Veranda'
[2015.03.25-03.45.13:731][  0]LogUObjectGlobals:Warning: Failed to find object 'Class None.'
[2015.03.25-03.45.13:755][  0]LogLoad: Full Startup: 15.21 seconds (BP compile: 0.45 seconds)
[2015.03.25-03.45.14:122][  0]LogContentBrowser:Verbose: The content browser source was changed by the sources view to '/Game/SideScrollerBP/Meshes'
[2015.03.25-03.45.14:306][  0]LogRenderer:Warning: Reallocating scene render targets to support 1152x560 (Frame:2).
[2015.03.25-03.45.16:103][  6]LogAssetRegistry: Asset discovery search completed in 6.7311 seconds
[2015.03.25-03.45.31:914][915]LightingResults: New page: Lighting Build
[2015.03.25-03.45.31:980][915]LoadErrors: New page: Loading map: Ascension22.umap
[2015.03.25-03.45.31:981][915]MapCheck: New page: Map Check
[2015.03.25-03.45.31:981][915]LightingResults: New page: Lighting Build
[2015.03.25-03.45.31:990][915]LogParticles: Destroying 0 GPU particle simulations for FXSystem 0x000000000ACAE660
[2015.03.25-03.45.33:819][915]LogEditorServer: Finished looking for orphan Actors (0.000 secs)
[2015.03.25-03.45.34:311][915]LogAIModule: Creating AISystem for world Ascension22
[2015.03.25-03.45.34:370][915]Cmd: MAP CHECKDEP
[2015.03.25-03.45.34:370][915]MapCheck: New page: Ascension22 - Mar 24, 2015, 7:45:34 PM
[2015.03.25-03.45.34:507][915]MapCheck: Info Map check complete: 0 Error(s), 0 Warning(s), took 137.036ms to complete.
[2015.03.25-03.45.34:507][915]LogFileHelpers: Loading map 'Ascension22' took 2.671
[2015.03.25-03.45.50:150][291]Cmd: QUIT_EDITOR
[2015.03.25-03.45.50:446][291]LogExit: Preparing to exit.
[2015.03.25-03.45.51:227][291]LogExit: Editor shut down
[2015.03.25-03.45.51:227][291]LogExit: Transaction tracking system shut down
[2015.03.25-03.45.51:229][291]LogParticles: Destroying 0 GPU particle simulations for FXSystem 0x0000000016696840
[2015.03.25-03.45.51:229][291]LogParticles: Destroying 0 GPU particle simulations for FXSystem 0x000000003C3596C0
[2015.03.25-03.45.51:229][291]LogParticles: Destroying 0 GPU particle simulations for FXSystem 0x000000003C3587C0
[2015.03.25-03.45.51:230][291]LogParticles: Destroying 0 GPU particle simulations for FXSystem 0x0000000040A049A0
[2015.03.25-03.45.51:312][291]LogExit: Object subsystem successfully closed.
[2015.03.25-03.45.51:361][291]LogModuleManager: Shutting down and abandoning module CrashTracker (177)
[2015.03.25-03.45.51:361][291]LogModuleManager: Shutting down and abandoning module SuperSearch (176)
[2015.03.25-03.45.51:361][291]LogModuleManager: Shutting down and abandoning module SceneOutliner (175)
[2015.03.25-03.45.51:361][291]LogModuleManager: Shutting down and abandoning module EditorWidgets (174)
[2015.03.25-03.45.51:361][291]LogModuleManager: Shutting down and abandoning module CollectionManager (173)
[2015.03.25-03.45.51:361][291]LogModuleManager: Shutting down and abandoning module StatsViewer (172)
[2015.03.25-03.45.51:361][291]LogModuleManager: Shutting down and abandoning module FoliageEdit (171)
[2015.03.25-03.45.51:361][291]LogModuleManager: Shutting down and abandoning module LandscapeEditor (170)
[2015.03.25-03.45.51:361][291]LogModuleManager: Shutting down and abandoning module MeshPaint (169)
[2015.03.25-03.45.51:361][291]LogModuleManager: Shutting down and abandoning module ActorPickerMode (168)
[2015.03.25-03.45.51:361][291]LogModuleManager: Shutting down and abandoning module GeometryMode (167)
[2015.03.25-03.45.51:361][291]LogModuleManager: Shutting down and abandoning module TextureAlignMode (166)
[2015.03.25-03.45.51:361][291]LogModuleManager: Shutting down and abandoning module BspMode (165)
[2015.03.25-03.45.51:361][291]LogModuleManager: Shutting down and abandoning module PlacementMode (164)
[2015.03.25-03.45.51:361][291]LogModuleManager: Shutting down and abandoning module AutomationWorker (163)
[2015.03.25-03.45.51:361][291]LogModuleManager: Shutting down and abandoning module CharacterAI (162)
[2015.03.25-03.45.51:361][291]LogModuleManager: Shutting down and abandoning module SmartSnapping (161)
[2015.03.25-03.45.51:361][291]LogModuleManager: Shutting down and abandoning module ViewportSnapping (160)
[2015.03.25-03.45.51:361][291]LogModuleManager: Shutting down and abandoning module LogVisualizer (159)
[2015.03.25-03.45.51:362][291]LogModuleManager: Shutting down and abandoning module GameProjectGeneration (158)
[2015.03.25-03.45.51:362][291]LogModuleManager: Shutting down and abandoning module IntroTutorials (157)
[2015.03.25-03.45.51:362][291]LogModuleManager: Shutting down and abandoning module EditorLiveStreaming (156)
[2015.03.25-03.45.51:362][291]LogModuleManager: Shutting down and abandoning module HardwareTargeting (155)
[2015.03.25-03.45.51:362][291]LogModuleManager: Shutting down and abandoning module DeviceProfileEditor (154)
[2015.03.25-03.45.51:362][291]LogModuleManager: Shutting down and abandoning module UndoHistory (153)
[2015.03.25-03.45.51:362][291]LogModuleManager: Shutting down and abandoning module GameplayTagsEditor (152)
[2015.03.25-03.45.51:362][291]LogModuleManager: Shutting down and abandoning module UserFeedback (151)
[2015.03.25-03.45.51:362][291]LogModuleManager: Shutting down and abandoning module XmlParser (150)
[2015.03.25-03.45.51:362][291]LogModuleManager: Shutting down and abandoning module Blutility (149)
[2015.03.25-03.45.51:362][291]LogModuleManager: Shutting down and abandoning module IOSPlatformEditor (148)
[2015.03.25-03.45.51:362][291]LogModuleManager: Shutting down and abandoning module IOSRuntimeSettings (147)
[2015.03.25-03.45.51:362][291]LogModuleManager: Shutting down and abandoning module AndroidDeviceDetection (146)
[2015.03.25-03.45.51:509][291]LogModuleManager: Shutting down and abandoning module AndroidPlatformEditor (145)
[2015.03.25-03.45.51:509][291]LogModuleManager: Shutting down and abandoning module AndroidRuntimeSettings (144)
[2015.03.25-03.45.51:509][291]LogModuleManager: Shutting down and abandoning module ProjectTargetPlatformEditor (143)
[2015.03.25-03.45.51:509][291]LogModuleManager: Shutting down and abandoning module ProjectSettingsViewer (142)
[2015.03.25-03.45.51:509][291]LogModuleManager: Shutting down and abandoning module InputBindingEditor (141)
[2015.03.25-03.45.51:509][291]LogModuleManager: Shutting down and abandoning module EditorSettingsViewer (140)
[2015.03.25-03.45.51:509][291]LogModuleManager: Shutting down and abandoning module SettingsEditor (139)
[2015.03.25-03.45.51:509][291]LogModuleManager: Shutting down and abandoning module ProjectLauncher (138)
[2015.03.25-03.45.51:509][291]LogModuleManager: Shutting down and abandoning module SessionFrontend (137)
[2015.03.25-03.45.51:509][291]LogModuleManager: Shutting down and abandoning module ProfilerClient (136)
[2015.03.25-03.45.51:509][291]LogModuleManager: Shutting down and abandoning module TargetDeviceServices (135)
[2015.03.25-03.45.51:510][291]LogModuleManager: Shutting down and abandoning module DeviceManager (134)
[2015.03.25-03.45.51:510][291]LogModuleManager: Shutting down and abandoning module AutomationController (133)
[2015.03.25-03.45.51:510][291]LogModuleManager: Shutting down and abandoning module AutomationWindow (132)
[2015.03.25-03.45.51:510][291]LogModuleManager: Shutting down and abandoning module Layers (131)
[2015.03.25-03.45.51:510][291]LogModuleManager: Shutting down and abandoning module ComponentVisualizers (130)
[2015.03.25-03.45.51:510][291]LogModuleManager: Shutting down and abandoning module DetailCustomizations (129)
[2015.03.25-03.45.51:510][291]LogModuleManager: Shutting down and abandoning module PackagesDialog (128)
[2015.03.25-03.45.51:511][291]LogModuleManager: Shutting down and abandoning module AssetRegistry (127)
[2015.03.25-03.45.51:554][291]LogModuleManager: Shutting down and abandoning module Persona (126)
[2015.03.25-03.45.51:554][291]LogModuleManager: Shutting down and abandoning module SlateReflector (125)
[2015.03.25-03.45.51:554][291]LogModuleManager: Shutting down and abandoning module LevelEditor (124)
[2015.03.25-03.45.51:556][291]LogModuleManager: Shutting down and abandoning module Kismet (123)
[2015.03.25-03.45.51:556][291]LogModuleManager: Shutting down and abandoning module GraphEditor (122)
[2015.03.25-03.45.51:556][291]LogModuleManager: Shutting down and abandoning module ClassViewer (121)
[2015.03.25-03.45.51:556][291]LogModuleManager: Shutting down and abandoning module Toolbox (120)
[2015.03.25-03.45.51:556][291]LogModuleManager: Shutting down and abandoning module ModuleUI (119)
[2015.03.25-03.45.51:556][291]LogModuleManager: Shutting down and abandoning module MovieSceneTools (118)
[2015.03.25-03.45.51:556][291]LogModuleManager: Shutting down and abandoning module OutputLog (117)
[2015.03.25-03.45.51:556][291]LogModuleManager: Shutting down and abandoning module GammaUI (116)
[2015.03.25-03.45.51:556][291]LogModuleManager: Shutting down and abandoning module Documentation (115)
[2015.03.25-03.45.51:556][291]LogModuleManager: Shutting down and abandoning module GameLiveStreaming (114)
[2015.03.25-03.45.51:556][291]LogModuleManager: Shutting down and abandoning module StreamingPauseRendering (113)
[2015.03.25-03.45.51:557][291]LogModuleManager: Shutting down and abandoning module HTTP (112)
[2015.03.25-03.45.51:557][291]LogModuleManager: Shutting down and abandoning module AnalyticsET (111)
[2015.03.25-03.45.51:557][291]LogModuleManager: Shutting down and abandoning module Analytics (110)
[2015.03.25-03.45.51:557][291]LogModuleManager: Shutting down and abandoning module AITestSuite (109)
[2015.03.25-03.45.51:557][291]LogModuleManager: Shutting down and abandoning module GameplayDebugger (108)
[2015.03.25-03.45.51:557][291]LogModuleManager: Shutting down and abandoning module AIModule (107)
[2015.03.25-03.45.51:557][291]LogModuleManager: Shutting down and abandoning module ProfilerService (106)
[2015.03.25-03.45.51:621][291]LogModuleManager: Shutting down and abandoning module TaskGraph (105)
[2015.03.25-03.45.51:621][291]LogModuleManager: Shutting down and abandoning module SlateRemote (104)
[2015.03.25-03.45.51:621][291]LogModuleManager: Shutting down and abandoning module ScriptEditorPlugin (103)
[2015.03.25-03.45.51:621][291]LogModuleManager: Shutting down and abandoning module CustomMeshComponent (102)
[2015.03.25-03.45.51:621][291]LogModuleManager: Shutting down and abandoning module CableComponent (101)
[2015.03.25-03.45.51:621][291]LogModuleManager: Shutting down and abandoning module MessagingDebugger (100)
[2015.03.25-03.45.51:621][291]LogModuleManager: Shutting down and abandoning module MediaPlayerEditor (99)
[2015.03.25-03.45.51:621][291]LogModuleManager: Shutting down and abandoning module SpeedTreeImporter (98)
[2015.03.25-03.45.51:621][291]LogModuleManager: Shutting down and abandoning module PluginsEditor (97)
[2015.03.25-03.45.51:621][291]LogModuleManager: Shutting down and abandoning module MainFrame (96)
[2015.03.25-03.45.51:621][291]LogModuleManager: Shutting down and abandoning module EpicSurvey (95)
[2015.03.25-03.45.51:621][291]LogModuleManager: Shutting down and abandoning module DesktopPlatform (94)
[2015.03.25-03.45.51:621][291]LogModuleManager: Shutting down and abandoning module DirectoryWatcher (93)
[2015.03.25-03.45.51:622][291]LogModuleManager: Shutting down and abandoning module HotReload (92)
[2015.03.25-03.45.51:622][291]LogModuleManager: Shutting down and abandoning module VisualStudioSourceCodeAccess (91)
[2015.03.25-03.45.51:622][291]LogModuleManager: Shutting down and abandoning module UObjectPlugin (90)
[2015.03.25-03.45.51:622][291]LogModuleManager: Shutting down and abandoning module SubversionSourceControl (89)
[2015.03.25-03.45.51:622][291]LogModuleManager: Shutting down and abandoning module PerforceSourceControl (88)
[2015.03.25-03.45.51:622][291]LogModuleManager: Shutting down and abandoning module SourceControl (87)
[2015.03.25-03.45.51:622][291]LogModuleManager: Shutting down and abandoning module GitSourceControl (86)
[2015.03.25-03.45.51:622][291]LogModuleManager: Shutting down and abandoning module BlankPlugin (85)
[2015.03.25-03.45.51:622][291]LogModuleManager: Shutting down and abandoning module PaperTiledImporter (84)
[2015.03.25-03.45.51:622][291]LogModuleManager: Shutting down and abandoning module PaperJsonImporter (83)
[2015.03.25-03.45.51:622][291]LogModuleManager: Shutting down and abandoning module ContentBrowser (82)
[2015.03.25-03.45.51:623][291]LogModuleManager: Shutting down and abandoning module Paper2DEditor (81)
[2015.03.25-03.45.51:623][291]LogModuleManager: Shutting down and abandoning module ScriptPlugin (80)
[2015.03.25-03.45.51:623][291]LogModuleManager: Shutting down and abandoning module UdpMessaging (79)
[2015.03.25-03.45.51:723][291]LogModuleManager: Shutting down and abandoning module Paper2D (78)
[2015.03.25-03.45.51:723][291]LogModuleManager: Shutting down and abandoning module WindowsMoviePlayer (77)
[2015.03.25-03.45.51:727][291]LogModuleManager: Shutting down and abandoning module Media (76)
[2015.03.25-03.45.51:727][291]LogModuleManager: Shutting down and abandoning module WmfMedia (75)
[2015.03.25-03.45.51:727][291]LogModuleManager: Shutting down and abandoning module OnlineBlueprintSupport (74)
[2015.03.25-03.45.51:727][291]LogModuleManager: Shutting down and abandoning module PropertyEditor (73)
[2015.03.25-03.45.51:727][291]LogModuleManager: Shutting down and abandoning module BehaviorTreeEditor (72)
[2015.03.25-03.45.51:727][291]LogModuleManager: Shutting down and abandoning module FunctionalTesting (71)
[2015.03.25-03.45.51:727][291]LogModuleManager: Shutting down and abandoning module CollisionAnalyzer (70)
[2015.03.25-03.45.51:727][291]LogModuleManager: Shutting down and abandoning module WorkspaceMenuStructure (69)
[2015.03.25-03.45.51:727][291]LogModuleManager: Shutting down and abandoning module MessageLog (68)
[2015.03.25-03.45.51:727][291]LogModuleManager: Shutting down and abandoning module Sequencer (67)
[2015.03.25-03.45.51:728][291]LogModuleManager: Shutting down and abandoning module AssetTools (66)
[2015.03.25-03.45.51:728][291]LogModuleManager: Shutting down and abandoning module UMGEditor (65)
[2015.03.25-03.45.51:728][291]LogModuleManager: Shutting down and abandoning module UMG (64)
[2015.03.25-03.45.51:728][291]LogModuleManager: Shutting down and abandoning module Slate (63)
[2015.03.25-03.45.51:728][291]LogModuleManager: Shutting down and abandoning module EditorStyle (62)
[2015.03.25-03.45.51:735][291]LogModuleManager: Shutting down and abandoning module SessionServices (61)
[2015.03.25-03.45.51:735][291]LogModuleManager: Shutting down and abandoning module SourceCodeAccess (60)
[2015.03.25-03.45.51:735][291]LogModuleManager: Shutting down and abandoning module HeadMountedDisplay (59)
[2015.03.25-03.45.51:735][291]LogModuleManager: Shutting down and abandoning module XAudio2 (58)
[2015.03.25-03.45.51:735][291]LogModuleManager: Shutting down and abandoning module Networking (56)
[2015.03.25-03.45.51:735][291]LogModuleManager: Shutting down and abandoning module Core (55)
[2015.03.25-03.45.51:735][291]LogModuleManager: Shutting down and abandoning module KismetCompiler (54)
[2015.03.25-03.45.51:735][291]LogModuleManager: Shutting down and abandoning module PhysXFormats (53)
[2015.03.25-03.45.51:735][291]LogModuleManager: Shutting down and abandoning module MeshUtilities (52)
[2015.03.25-03.45.51:735][291]LogModuleManager: Shutting down and abandoning module DerivedDataCache (51)
[2015.03.25-03.45.51:843][291]LogDerivedDataCache: Shutdown
[2015.03.25-03.45.51:843][291]LogModuleManager: Shutting down and abandoning module ShaderFormatOpenGL (50)
[2015.03.25-03.45.51:843][291]LogModuleManager: Shutting down and abandoning module ShaderFormatD3D (49)
[2015.03.25-03.45.51:843][291]LogModuleManager: Shutting down and abandoning module MetalShaderFormat (48)
[2015.03.25-03.45.51:843][291]LogModuleManager: Shutting down and abandoning module TextureFormatUncompressed (47)
[2015.03.25-03.45.51:843][291]LogModuleManager: Shutting down and abandoning module TextureFormatPVR (46)
[2015.03.25-03.45.51:843][291]LogModuleManager: Shutting down and abandoning module TextureFormatIntelISPCTexComp (45)
[2015.03.25-03.45.51:843][291]LogModuleManager: Shutting down and abandoning module TextureFormatDXT (44)
[2015.03.25-03.45.51:843][291]LogModuleManager: Shutting down and abandoning module ImageWrapper (43)
[2015.03.25-03.45.51:843][291]LogModuleManager: Shutting down and abandoning module TextureFormatASTC (42)
[2015.03.25-03.45.51:843][291]LogModuleManager: Shutting down and abandoning module TextureFormatAndroid (41)
[2015.03.25-03.45.51:843][291]LogModuleManager: Shutting down and abandoning module AudioFormatOpus (40)
[2015.03.25-03.45.51:843][291]LogModuleManager: Shutting down and abandoning module AudioFormatOgg (39)
[2015.03.25-03.45.51:843][291]LogModuleManager: Shutting down and abandoning module AudioFormatADPCM (38)
[2015.03.25-03.45.51:843][291]LogModuleManager: Shutting down and abandoning module LinuxTargetPlatform (37)
[2015.03.25-03.45.51:843][291]LogModuleManager: Shutting down and abandoning module LinuxServerTargetPlatform (36)
[2015.03.25-03.45.51:843][291]LogModuleManager: Shutting down and abandoning module LinuxNoEditorTargetPlatform (35)
[2015.03.25-03.45.51:843][291]LogModuleManager: Shutting down and abandoning module Messaging (34)
[2015.03.25-03.45.51:843][291]LogModuleManager: Shutting down and abandoning module IOSTargetPlatform (33)
[2015.03.25-03.45.51:843][291]LogModuleManager: Shutting down and abandoning module HTML5TargetPlatform (32)
[2015.03.25-03.45.51:843][291]LogModuleManager: Shutting down and abandoning module Android_PVRTCTargetPlatform (31)
[2015.03.25-03.45.51:843][291]LogModuleManager: Shutting down and abandoning module Android_ETC2TargetPlatform (30)
[2015.03.25-03.45.51:843][291]LogModuleManager: Shutting down and abandoning module Android_ETC1TargetPlatform (29)
[2015.03.25-03.45.51:843][291]LogModuleManager: Shutting down and abandoning module Android_ES31TargetPlatform (28)
[2015.03.25-03.45.51:843][291]LogModuleManager: Shutting down and abandoning module Android_DXTTargetPlatform (27)
[2015.03.25-03.45.51:843][291]LogModuleManager: Shutting down and abandoning module Android_ATCTargetPlatform (26)
[2015.03.25-03.45.51:843][291]LogModuleManager: Shutting down and abandoning module AndroidTargetPlatform (25)
[2015.03.25-03.45.51:843][291]LogModuleManager: Shutting down and abandoning module WindowsTargetPlatform (24)
[2015.03.25-03.45.51:843][291]LogModuleManager: Shutting down and abandoning module WindowsServerTargetPlatform (23)
[2015.03.25-03.45.51:843][291]LogModuleManager: Shutting down and abandoning module WindowsNoEditorTargetPlatform (22)
[2015.03.25-03.45.51:843][291]LogModuleManager: Shutting down and abandoning module WindowsClientTargetPlatform (21)
[2015.03.25-03.45.51:843][291]LogModuleManager: Shutting down and abandoning module TargetPlatform (20)
[2015.03.25-03.45.51:843][291]LogModuleManager: Shutting down and abandoning module InputCore (19)
[2015.03.25-03.45.51:843][291]LogModuleManager: Shutting down and abandoning module Settings (18)
[2015.03.25-03.45.51:844][291]LogModuleManager: Shutting down and abandoning module OnlineSubsystem (16)
[2015.03.25-03.45.51:844][291]LogModuleManager: Shutting down and abandoning module OculusRift (15)
[2015.03.25-03.45.51:844][291]LogModuleManager: Shutting down and abandoning module ExampleDeviceProfileSelector (14)
[2015.03.25-03.45.51:844][291]LogModuleManager: Shutting down and abandoning module TextureCompressor (13)
[2015.03.25-03.45.51:844][291]LogModuleManager: Shutting down and abandoning module ShaderCore (12)
[2015.03.25-03.45.51:844][291]LogModuleManager: Shutting down and abandoning module Landscape (11)
[2015.03.25-03.45.51:844][291]LogModuleManager: Shutting down and abandoning module SlateRHIRenderer (10)
[2015.03.25-03.45.51:846][291]LogModuleManager: Shutting down and abandoning module OpenGLDrv (9)
[2015.03.25-03.45.51:846][291]LogModuleManager: Shutting down and abandoning module D3D11RHI (8)
[2015.03.25-03.45.51:846][291]LogModuleManager: Shutting down and abandoning module Renderer (7)
[2015.03.25-03.45.51:846][291]LogModuleManager: Shutting down and abandoning module Engine (6)
[2015.03.25-03.45.51:846][291]LogModuleManager: Shutting down and abandoning module CoreUObject (5)
[2015.03.25-03.45.51:846][291]LogModuleManager: Shutting down and abandoning module NetworkFile (4)
[2015.03.25-03.45.51:846][291]LogModuleManager: Shutting down and abandoning module StreamingFile (3)
[2015.03.25-03.45.51:846][291]LogModuleManager: Shutting down and abandoning module SandboxFile (2)
[2015.03.25-03.45.51:846][291]LogModuleManager: Shutting down and abandoning module PakFile (1)
[2015.03.25-03.45.51:847][291]LogExit: Exiting.
[2015.03.25-03.45.51:856][291]Log file closed, 03/24/15 23:45:51
